{"level":"info","msg":"Connecting to database...","time":"2021-06-12T12:55:08+02:00"}
{"level":"info","msg":"Connected to database","time":"2021-06-12T12:55:08+02:00"}
{"handler":"/users/getById/0cf8a7ff-7bb5-48f0-a834-7b07eb306f90","level":"info","msg":"User successfully get by id","time":"2021-06-12T12:56:37+02:00","user":"0cf8a7ff-7bb5-48f0-a834-7b07eb306f90"}
{"handler":"/users/update","level":"info","msg":"Profile successfully updated","time":"2021-06-12T12:56:44+02:00","user":"0cf8a7ff-7bb5-48f0-a834-7b07eb306f90"}
{"level":"info","msg":"Connecting to database...","time":"2021-06-12T13:09:16+02:00"}
{"level":"info","msg":"Connected to database","time":"2021-06-12T13:09:16+02:00"}
{"level":"info","msg":"Connecting to database...","time":"2021-06-12T17:40:15+02:00"}
{"level":"info","msg":"Connected to database","time":"2021-06-12T17:40:15+02:00"}
{"handler":"/users/getById/965208b9-287b-4da5-b772-73df5e74ebbc","level":"info","msg":"User successfully get by id","time":"2021-06-12T17:46:56+02:00","user":"965208b9-287b-4da5-b772-73df5e74ebbc"}
{"handler":"/users/getById/965208b9-287b-4da5-b772-73df5e74ebbc","level":"info","msg":"User successfully get by id","time":"2021-06-12T17:46:56+02:00","user":"965208b9-287b-4da5-b772-73df5e74ebbc"}
{"handler":"/users/getById/965208b9-287b-4da5-b772-73df5e74ebbc","level":"info","msg":"User successfully get by id","time":"2021-06-12T17:46:58+02:00","user":"965208b9-287b-4da5-b772-73df5e74ebbc"}
{"handler":"/users/getById/965208b9-287b-4da5-b772-73df5e74ebbc","level":"info","msg":"User successfully get by id","time":"2021-06-12T17:47:07+02:00","user":"965208b9-287b-4da5-b772-73df5e74ebbc"}
{"handler":"/users/getById/965208b9-287b-4da5-b772-73df5e74ebbc","level":"info","msg":"User successfully get by id","time":"2021-06-12T17:47:07+02:00","user":"965208b9-287b-4da5-b772-73df5e74ebbc"}
{"handler":"/users/getById/965208b9-287b-4da5-b772-73df5e74ebbc","level":"info","msg":"User successfully get by id","time":"2021-06-12T17:47:56+02:00","user":"965208b9-287b-4da5-b772-73df5e74ebbc"}
{"handler":"/users/getById/965208b9-287b-4da5-b772-73df5e74ebbc","level":"info","msg":"User successfully get by id","time":"2021-06-12T17:53:56+02:00","user":"965208b9-287b-4da5-b772-73df5e74ebbc"}
{"handler":"/users/getById/965208b9-287b-4da5-b772-73df5e74ebbc","level":"info","msg":"User successfully get by id","time":"2021-06-12T17:57:44+02:00","user":"965208b9-287b-4da5-b772-73df5e74ebbc"}
{"handler":"/users/getById/965208b9-287b-4da5-b772-73df5e74ebbc","level":"info","msg":"User successfully get by id","time":"2021-06-12T17:59:27+02:00","user":"965208b9-287b-4da5-b772-73df5e74ebbc"}
{"handler":"/users/getById/965208b9-287b-4da5-b772-73df5e74ebbc","level":"info","msg":"User successfully get by id","time":"2021-06-12T17:59:27+02:00","user":"965208b9-287b-4da5-b772-73df5e74ebbc"}
{"handler":"/users/getById/965208b9-287b-4da5-b772-73df5e74ebbc","level":"info","msg":"User successfully get by id","time":"2021-06-12T17:59:30+02:00","user":"965208b9-287b-4da5-b772-73df5e74ebbc"}
{"level":"info","msg":"Connecting to database...","time":"2021-06-12T18:05:02+02:00"}
{"level":"info","msg":"Connected to database","time":"2021-06-12T18:05:02+02:00"}
{"handler":"/users/getById/965208b9-287b-4da5-b772-73df5e74ebbc","level":"info","msg":"User successfully get by id","time":"2021-06-12T18:06:34+02:00","user":"965208b9-287b-4da5-b772-73df5e74ebbc"}
{"handler":"/users/update","level":"info","msg":"Profile successfully updated","time":"2021-06-12T18:06:37+02:00","user":"965208b9-287b-4da5-b772-73df5e74ebbc"}
{"handler":"/users/getById/965208b9-287b-4da5-b772-73df5e74ebbc","level":"info","msg":"User successfully get by id","time":"2021-06-12T18:06:41+02:00","user":"965208b9-287b-4da5-b772-73df5e74ebbc"}
{"handler":"/users/getById/965208b9-287b-4da5-b772-73df5e74ebbc","level":"info","msg":"User successfully get by id","time":"2021-06-12T18:08:27+02:00","user":"965208b9-287b-4da5-b772-73df5e74ebbc"}
{"handler":"/users/getById/965208b9-287b-4da5-b772-73df5e74ebbc","level":"info","msg":"User successfully get by id","time":"2021-06-12T18:08:37+02:00","user":"965208b9-287b-4da5-b772-73df5e74ebbc"}
{"level":"info","msg":"Connecting to database...","time":"2021-06-12T20:41:44+02:00"}
{"level":"info","msg":"Connected to database","time":"2021-06-12T20:41:44+02:00"}
{"handler":"/users/create","level":"error","msg":"Error during creation","time":"2021-06-12T20:43:39+02:00","user":"00000000-0000-0000-0000-000000000000"}
{"handler":"/users/create","level":"info","msg":"User successfully created","time":"2021-06-12T20:43:39+02:00","user":"00000000-0000-0000-0000-000000000000"}
{"handler":"/users/create","level":"info","msg":"User successfully created","time":"2021-06-12T20:43:49+02:00","user":"00000000-0000-0000-0000-000000000000"}
{"handler":"/users/create","level":"info","msg":"User successfully created","time":"2021-06-12T20:49:35+02:00","user":"00000000-0000-0000-0000-000000000000"}
{"level":"info","msg":"Connecting to database...","time":"2021-06-12T20:54:39+02:00"}
{"level":"info","msg":"Connected to database","time":"2021-06-12T20:54:39+02:00"}
{"handler":"/users/create","level":"info","msg":"User successfully created","time":"2021-06-12T20:55:15+02:00","user":"00000000-0000-0000-0000-000000000000"}
{"level":"info","msg":"Connecting to database...","time":"2021-06-12T21:51:15+02:00"}
{"level":"info","msg":"Connected to database","time":"2021-06-12T21:51:15+02:00"}
{"handler":"/users/create","level":"info","msg":"User successfully created","time":"2021-06-12T21:57:04+02:00","user":"00000000-0000-0000-0000-000000000000"}
{"level":"info","msg":"Connecting to database...","time":"2021-06-12T22:02:36+02:00"}
{"level":"info","msg":"Connected to database","time":"2021-06-12T22:02:36+02:00"}
{"handler":"/users/create","level":"info","msg":"User successfully created","time":"2021-06-12T22:04:08+02:00","user":"00000000-0000-0000-0000-000000000000"}
{"level":"info","msg":"Connecting to database...","time":"2021-06-12T22:06:18+02:00"}
{"level":"info","msg":"Connected to database","time":"2021-06-12T22:06:19+02:00"}
{"handler":"/users/create","level":"info","msg":"User successfully created","time":"2021-06-12T22:07:36+02:00","user":"00000000-0000-0000-0000-000000000000"}
{"level":"info","msg":"Connecting to database...","time":"2021-06-12T22:09:32+02:00"}
{"level":"info","msg":"Connected to database","time":"2021-06-12T22:09:32+02:00"}
{"handler":"/users/create","level":"info","msg":"User successfully created","time":"2021-06-12T22:11:07+02:00","user":"00000000-0000-0000-0000-000000000000"}
{"level":"info","msg":"Connecting to database...","time":"2021-06-12T22:15:18+02:00"}
{"level":"info","msg":"Connected to database","time":"2021-06-12T22:15:18+02:00"}
{"handler":"/users/create","level":"info","msg":"User successfully created","time":"2021-06-12T22:16:28+02:00","user":"00000000-0000-0000-0000-000000000000"}
{"level":"info","msg":"Connecting to database...","time":"2021-06-12T22:17:05+02:00"}
{"level":"info","msg":"Connected to database","time":"2021-06-12T22:17:05+02:00"}
{"handler":"/users/create","level":"info","msg":"User successfully created","time":"2021-06-12T22:17:41+02:00","user":"00000000-0000-0000-0000-000000000000"}
{"level":"info","msg":"Connecting to database...","time":"2021-06-12T22:20:14+02:00"}
{"level":"info","msg":"Connected to database","time":"2021-06-12T22:20:14+02:00"}
{"level":"info","msg":"Connecting to database...","time":"2021-06-12T22:22:47+02:00"}
{"level":"info","msg":"Connected to database","time":"2021-06-12T22:22:47+02:00"}
{"level":"info","msg":"Connecting to database...","time":"2021-06-12T22:24:19+02:00"}
{"level":"info","msg":"Connected to database","time":"2021-06-12T22:24:19+02:00"}
{"level":"info","msg":"Connecting to database...","time":"2021-06-12T22:27:52+02:00"}
{"level":"info","msg":"Connected to database","time":"2021-06-12T22:27:52+02:00"}
{"level":"info","msg":"Connecting to database...","time":"2021-06-12T22:28:58+02:00"}
{"level":"info","msg":"Connected to database","time":"2021-06-12T22:28:58+02:00"}
{"level":"info","msg":"Connecting to database...","time":"2021-06-12T22:30:59+02:00"}
{"level":"info","msg":"Connected to database","time":"2021-06-12T22:30:59+02:00"}
{"handler":"/users/create","level":"info","msg":"User successfully created","time":"2021-06-12T22:31:13+02:00","user":"00000000-0000-0000-0000-000000000000"}
{"level":"info","msg":"Connecting to database...","time":"2021-06-12T22:32:28+02:00"}
{"level":"info","msg":"Connected to database","time":"2021-06-12T22:32:28+02:00"}
{"handler":"/users/create","level":"info","msg":"User successfully created","time":"2021-06-12T22:33:06+02:00","user":"00000000-0000-0000-0000-000000000000"}
{"level":"info","msg":"Connecting to database...","time":"2021-06-12T22:33:45+02:00"}
{"level":"info","msg":"Connected to database","time":"2021-06-12T22:33:45+02:00"}
{"handler":"/users/create","level":"info","msg":"User successfully created","time":"2021-06-12T22:34:10+02:00","user":"00000000-0000-0000-0000-000000000000"}
{"level":"info","msg":"Connecting to database...","time":"2021-06-12T22:43:31+02:00"}
{"level":"info","msg":"Connected to database","time":"2021-06-12T22:43:32+02:00"}
